<?xml version="1.0" encoding="UTF-8"?>
<!-- Generated by org.testng.reporters.JUnitReportReporter -->
<testsuite hostname="DESKTOP-TJTF4NB" failures="0" tests="1" name="TestCases.Alerts" time="28.652" errors="0" timestamp="2022-01-19T23:48:01 IST" skipped="0">
  <testcase classname="TestCases.Alerts" name="handlingAlerts" time="28.652"/>
  <system-out/>
</testsuite> <!-- TestCases.Alerts -->
