<?xml version="1.0" encoding="UTF-8"?>
<!-- Generated by org.testng.reporters.JUnitReportReporter -->
<testsuite hostname="DESKTOP-TJTF4NB" failures="0" tests="1" name="TestCases.PrintAllLinks" time="6.126" errors="0" timestamp="2022-01-19T23:48:01 IST" skipped="0">
  <testcase classname="TestCases.PrintAllLinks" name="alllinks" time="6.126"/>
  <system-out>
    <![CDATA[


Forgotten password?
Create New Account
Create a Page
हिन्दी
اردو
தமிழ்
বাংলা
मराठी
తెలుగు
ગુજરાતી
ಕನ್ನಡ
മലയാളം
Español

Sign Up
Log In
Messenger
Facebook Lite
Watch
Places
Games
Marketplace
Facebook Pay
Oculus
Portal
Instagram
Bulletin
Local
Fundraisers
Services
Voting Information Centre
Groups
About
Create ad
Create Page
Developers
Careers
Privacy
Cookies
AdChoices
Terms
Help
Settings
Activity log]]>
  </system-out>
</testsuite> <!-- TestCases.PrintAllLinks -->
