<?xml version="1.0" encoding="UTF-8"?>
<!-- Generated by org.testng.reporters.JUnitReportReporter -->
<testsuite hostname="DESKTOP-TJTF4NB" failures="0" tests="2" name="TestCases.Scrolling" time="4.442" errors="0" timestamp="2022-01-19T23:48:00 IST" skipped="0">
  <testcase classname="TestCases.Scrolling" name="scrollup" time="3.229"/>
  <system-out/>
  <testcase classname="TestCases.Scrolling" name="scrolldown" time="1.213"/>
  <system-out/>
</testsuite> <!-- TestCases.Scrolling -->
