<?xml version="1.0" encoding="UTF-8"?>
<!-- Generated by org.testng.reporters.JUnitReportReporter -->
<testsuite hostname="DESKTOP-TJTF4NB" failures="0" tests="1" name="TestCases.WindowHandling" time="47.848" errors="0" timestamp="2022-01-19T23:48:00 IST" skipped="0">
  <testcase classname="TestCases.WindowHandling" name="windowhandle" time="47.848"/>
  <system-out>
    <![CDATA[Facebook – log in or sign up
https://www.facebook.com/
Facebook – log in or sign up
https://www.facebook.com/
Yahoo Search - Web Search
https://in.search.yahoo.com/?fr2=inr
Facebook – log in or sign up
https://www.facebook.com/
Google
https://www.google.com/?gws_rd=ssl]]>
  </system-out>
</testsuite> <!-- TestCases.WindowHandling -->
