<?xml version="1.0" encoding="UTF-8"?>
<!-- Generated by org.testng.reporters.JUnitReportReporter -->
<testsuite hostname="DESKTOP-TJTF4NB" failures="0" tests="3" name="TestCases.Actions" time="95.647" errors="0" timestamp="2022-01-19T23:48:00 IST" skipped="0">
  <testcase classname="TestCases.Actions" name="Mousehouver" time="36.392"/>
  <system-out>
    <![CDATA[Most Reliable App & Cross Browser Testing Platform | BrowserStack
https://www.browserstack.com/
FAQs on Live Product | Support | BrowserStack
https://www.browserstack.com/support]]>
  </system-out>
  <testcase classname="TestCases.Actions" name="RightClick" time="29.297"/>
  <system-out>
    <![CDATA[Simple Context Menu
https://demo.guru99.com/test/simple_context_menu.html]]>
  </system-out>
  <testcase classname="TestCases.Actions" name="DragandDrop" time="29.958"/>
  <system-out>
    <![CDATA[ToolsQA
https://demoqa.com/droppable]]>
  </system-out>
</testsuite> <!-- TestCases.Actions -->
