<?xml version="1.0" encoding="UTF-8"?>
<!-- Generated by org.testng.reporters.JUnitReportReporter -->
<testsuite hostname="DESKTOP-TJTF4NB" failures="0" tests="2" name="TestCases.CheckboxRadiobutton" time="8.307" errors="0" timestamp="2022-01-19T23:48:00 IST" skipped="0">
  <testcase classname="TestCases.CheckboxRadiobutton" name="Radiobutton" time="1.983"/>
  <system-out/>
  <testcase classname="TestCases.CheckboxRadiobutton" name="checkboxes" time="6.324"/>
  <system-out/>
</testsuite> <!-- TestCases.CheckboxRadiobutton -->
