<?xml version="1.0" encoding="UTF-8"?>
<!-- Generated by org.testng.reporters.JUnitReportReporter -->
<testsuite hostname="DESKTOP-TJTF4NB" failures="0" tests="1" name="TestCases.FileUpload" time="14.325" errors="0" timestamp="2022-01-19T23:48:00 IST" skipped="0">
  <testcase classname="TestCases.FileUpload" name="uploadingfile" time="14.325"/>
  <system-out>
    <![CDATA[File Upload Demo
File Upload Demo]]>
  </system-out>
</testsuite> <!-- TestCases.FileUpload -->
